node:events:487
      throw er; // Unhandled 'error' event
      ^

Error: listen EADDRINUSE: address already in use :::3000
    at Server.setupListenHandle [as _listen2] (node:net:2008:16)
    at listenInCluster (node:net:2065:12)
    at Server.listen (node:net:2170:7)
    at app.listen (F:\Adyapan Main AI\Adyapan\node_modules\express\lib\application.js:635:24)
    at Object.<anonymous> (F:\Adyapan Main AI\Adyapan\server.js:609:5)
    at Module._compile (node:internal/modules/cjs/loader:1838:14)
    at Module._extensions..js (node:internal/modules/cjs/loader:1971:10)
    at Module.load (node:internal/modules/cjs/loader:1560:32)
    at Module._load (node:internal/modules/cjs/loader:1362:12)
    at c._load (node:electron/js2c/node_init:2:18095)
Emitted 'error' event on Server instance at:
    at emitErrorNT (node:net:2044:8)
    at process.processTicksAndRejections (node:internal/process/task_queues:90:21) {
  code: 'EADDRINUSE',
  errno: -4091,
  syscall: 'listen',
  address: '::',
  port: 3000
}

Node.js v24.15.0
